<?xml version="1.0" encoding="UTF-8"?>
<!-- Generated by org.testng.reporters.JUnitReportReporter -->
<testsuite hostname="HB11536" failures="0" tests="5" name="mid_term.LoginTest" time="18.382" errors="0" timestamp="2022-03-17T13:15:14 EDT" skipped="0">
  <testcase classname="mid_term.LoginTest" name="Loginwithwrongvalues" time="2.108"/>
  <system-out/>
  <testcase classname="mid_term.LoginTest" name="Loginwithrightvalue" time="2.453"/>
  <system-out/>
  <testcase classname="mid_term.LoginTest" name="patient" time="1.095"/>
  <system-out/>
  <testcase classname="mid_term.LoginTest" name="enterdata" time="8.664"/>
  <system-out/>
  <testcase classname="mid_term.LoginTest" name="Logout" time="4.062"/>
  <system-out/>
</testsuite> <!-- mid_term.LoginTest -->
